  [1m[36m (1.2ms)[0m  [1mCREATE TABLE "schema_migrations" ("version" varchar NOT NULL) [0m
  [1m[35m (0.0ms)[0m  select sqlite_version(*)
  [1m[36m (1.0ms)[0m  [1mCREATE UNIQUE INDEX "unique_schema_migrations" ON "schema_migrations" ("version")[0m
  [1m[35mActiveRecord::SchemaMigration Load (0.1ms)[0m  SELECT "schema_migrations".* FROM "schema_migrations"
  [1m[36mActiveRecord::SchemaMigration Load (0.1ms)[0m  [1mSELECT "schema_migrations".* FROM "schema_migrations"[0m
Migrating to CreatePosts (20151230232412)
  [1m[35m (0.1ms)[0m  begin transaction
  [1m[36m (0.4ms)[0m  [1mCREATE TABLE "posts" ("id" INTEGER PRIMARY KEY AUTOINCREMENT NOT NULL, "title" varchar, "description" text, "created_at" datetime NOT NULL, "updated_at" datetime NOT NULL) [0m
  [1m[35mSQL (0.2ms)[0m  INSERT INTO "schema_migrations" ("version") VALUES (?)  [["version", "20151230232412"]]
  [1m[36m (1.3ms)[0m  [1mcommit transaction[0m
  [1m[35mActiveRecord::SchemaMigration Load (0.1ms)[0m  SELECT "schema_migrations".* FROM "schema_migrations"


Started GET "/posts/new" for ::1 at 2015-12-31 13:44:56 -0600
  [1m[36mActiveRecord::SchemaMigration Load (0.1ms)[0m  [1mSELECT "schema_migrations".* FROM "schema_migrations"[0m
Processing by PostsController#new as HTML
  Rendered posts/new.html.erb within layouts/application (2.1ms)
Completed 200 OK in 347ms (Views: 326.8ms | ActiveRecord: 0.2ms)


Started GET "/assets/application.self-e80e8f2318043e8af94dddc2adad5a4f09739a8ebb323b3ab31cd71d45fd9113.css?body=1" for ::1 at 2015-12-31 13:44:57 -0600


Started GET "/assets/application.self-3b8dabdc891efe46b9a144b400ad69e37d7e5876bdc39dee783419a69d7ca819.js?body=1" for ::1 at 2015-12-31 13:44:57 -0600


Started POST "/posts" for ::1 at 2015-12-31 13:45:03 -0600
Processing by PostsController#create as HTML
  Parameters: {"utf8"=>"✓", "authenticity_token"=>"mFCuNJP5reOW19phdr4zXRLzOMo4NZQ3wneiVR+RO/+owIoDiOxh24iHKkZ7DGazxbSIoRmvIOmJgA4gog1sGg==", "title"=>"Rails Introduction Quiz", "description"=>"asdfasdf", "commit"=>"Submit Post"}
  [1m[35m (0.1ms)[0m  begin transaction
  [1m[36mSQL (0.4ms)[0m  [1mINSERT INTO "posts" ("title", "description", "created_at", "updated_at") VALUES (?, ?, ?, ?)[0m  [["title", "Rails Introduction Quiz"], ["description", "asdfasdf"], ["created_at", "2015-12-31 19:45:03.614973"], ["updated_at", "2015-12-31 19:45:03.614973"]]
  [1m[35m (1.2ms)[0m  commit transaction
Redirected to http://localhost:3000/posts/1
Completed 302 Found in 22ms (ActiveRecord: 1.7ms)


Started GET "/posts/1" for ::1 at 2015-12-31 13:45:03 -0600
Processing by PostsController#show as HTML
  Parameters: {"id"=>"1"}
  [1m[36mPost Load (0.2ms)[0m  [1mSELECT  "posts".* FROM "posts" WHERE "posts"."id" = ? LIMIT 1[0m  [["id", 1]]
  Rendered posts/show.html.erb within layouts/application (0.4ms)
Completed 200 OK in 27ms (Views: 10.4ms | ActiveRecord: 0.2ms)
Started GET "/" for ::1 at 2019-11-25 15:57:13 +0000
  [1m[36mActiveRecord::SchemaMigration Load (0.6ms)[0m  [1m[34mSELECT "schema_migrations".* FROM "schema_migrations"[0m
Processing by Rails::WelcomeController#index as HTML
  Parameters: {"internal"=>true}
  Rendering /Users/farisaziz/.rvm/gems/ruby-2.6.1/gems/railties-5.0.7.2/lib/rails/templates/rails/welcome/index.html.erb
  Rendered /Users/farisaziz/.rvm/gems/ruby-2.6.1/gems/railties-5.0.7.2/lib/rails/templates/rails/welcome/index.html.erb (23.9ms)
Completed 200 OK in 54ms (Views: 39.4ms | ActiveRecord: 0.0ms)


Started GET "/" for ::1 at 2019-11-25 15:57:20 +0000
Processing by Rails::WelcomeController#index as HTML
  Parameters: {"internal"=>true}
  Rendering /Users/farisaziz/.rvm/gems/ruby-2.6.1/gems/railties-5.0.7.2/lib/rails/templates/rails/welcome/index.html.erb
  Rendered /Users/farisaziz/.rvm/gems/ruby-2.6.1/gems/railties-5.0.7.2/lib/rails/templates/rails/welcome/index.html.erb (2.5ms)
Completed 200 OK in 5ms (Views: 4.1ms | ActiveRecord: 0.0ms)


Started GET "/posts" for ::1 at 2019-11-25 15:57:21 +0000
Processing by PostsController#index as HTML
  Rendering posts/index.html.erb within layouts/application
  [1m[36mPost Load (0.2ms)[0m  [1m[34mSELECT "posts".* FROM "posts"[0m
  Rendered posts/index.html.erb within layouts/application (8.3ms)
Started GET "/posts" for ::1 at 2019-11-25 15:57:21 +0000
Processing by PostsController#index as HTML
  Rendering posts/index.html.erb within layouts/application
  [1m[36mPost Load (0.1ms)[0m  [1m[34mSELECT "posts".* FROM "posts"[0m
  Rendered posts/index.html.erb within layouts/application (0.8ms)
Completed 200 OK in 393ms (Views: 390.9ms | ActiveRecord: 0.1ms)


Completed 200 OK in 958ms (Views: 933.2ms | ActiveRecord: 0.5ms)


Started GET "/posts/new" for ::1 at 2019-11-25 15:57:24 +0000
Processing by PostsController#new as HTML
  Rendering posts/new.html.erb within layouts/application
  Rendered posts/new.html.erb within layouts/application (0.7ms)
Completed 200 OK in 55ms (Views: 16.5ms | ActiveRecord: 0.0ms)


Started GET "/posts/new" for ::1 at 2019-11-25 15:57:25 +0000
Processing by PostsController#new as HTML
  Rendering posts/new.html.erb within layouts/application
  Rendered posts/new.html.erb within layouts/application (0.7ms)
Completed 200 OK in 118ms (Views: 117.6ms | ActiveRecord: 0.0ms)


Started POST "/posts" for ::1 at 2019-11-25 15:57:34 +0000
Processing by PostsController#create as HTML
  Parameters: {"utf8"=>"✓", "authenticity_token"=>"wmFsMhqnHDvkCY4Xy4rolrOW4tAvzjUSZyFfQPeE0QidHkQ6E/aTntEka6fyUUqOjwjeyuYovVIQWJVmOhH53w==", "title"=>"title ", "description"=>"content", "commit"=>"Submit Post"}
Completed 500 Internal Server Error in 1ms (ActiveRecord: 0.0ms)


  
ArgumentError (wrong number of arguments (given 2, expected 0..1)):
  
app/controllers/posts_controller.rb:17:in `create'
  Rendering /Users/farisaziz/.rvm/gems/ruby-2.6.1/gems/actionpack-5.0.7.2/lib/action_dispatch/middleware/templates/rescues/diagnostics.html.erb within rescues/layout
  Rendering /Users/farisaziz/.rvm/gems/ruby-2.6.1/gems/actionpack-5.0.7.2/lib/action_dispatch/middleware/templates/rescues/_source.html.erb
  Rendered /Users/farisaziz/.rvm/gems/ruby-2.6.1/gems/actionpack-5.0.7.2/lib/action_dispatch/middleware/templates/rescues/_source.html.erb (13.5ms)
  Rendering /Users/farisaziz/.rvm/gems/ruby-2.6.1/gems/actionpack-5.0.7.2/lib/action_dispatch/middleware/templates/rescues/_trace.html.erb
  Rendered /Users/farisaziz/.rvm/gems/ruby-2.6.1/gems/actionpack-5.0.7.2/lib/action_dispatch/middleware/templates/rescues/_trace.html.erb (3.6ms)
  Rendering /Users/farisaziz/.rvm/gems/ruby-2.6.1/gems/actionpack-5.0.7.2/lib/action_dispatch/middleware/templates/rescues/_request_and_response.html.erb
  Rendered /Users/farisaziz/.rvm/gems/ruby-2.6.1/gems/actionpack-5.0.7.2/lib/action_dispatch/middleware/templates/rescues/_request_and_response.html.erb (4.3ms)
  Rendered /Users/farisaziz/.rvm/gems/ruby-2.6.1/gems/actionpack-5.0.7.2/lib/action_dispatch/middleware/templates/rescues/diagnostics.html.erb within rescues/layout (134.5ms)
Started POST "/posts" for ::1 at 2019-11-25 15:57:44 +0000
Processing by PostsController#create as HTML
  Parameters: {"utf8"=>"✓", "authenticity_token"=>"wmFsMhqnHDvkCY4Xy4rolrOW4tAvzjUSZyFfQPeE0QidHkQ6E/aTntEka6fyUUqOjwjeyuYovVIQWJVmOhH53w==", "title"=>"title ", "description"=>"content", "commit"=>"Submit Post"}
Completed 500 Internal Server Error in 7ms (ActiveRecord: 0.4ms)


  
ActiveModel::UnknownAttributeError (unknown attribute 'utf8' for Post.):
  
app/controllers/posts_controller.rb:17:in `create'
  Rendering /Users/farisaziz/.rvm/gems/ruby-2.6.1/gems/actionpack-5.0.7.2/lib/action_dispatch/middleware/templates/rescues/diagnostics.html.erb within rescues/layout
  Rendering /Users/farisaziz/.rvm/gems/ruby-2.6.1/gems/actionpack-5.0.7.2/lib/action_dispatch/middleware/templates/rescues/_source.html.erb
  Rendered /Users/farisaziz/.rvm/gems/ruby-2.6.1/gems/actionpack-5.0.7.2/lib/action_dispatch/middleware/templates/rescues/_source.html.erb (5.8ms)
  Rendering /Users/farisaziz/.rvm/gems/ruby-2.6.1/gems/actionpack-5.0.7.2/lib/action_dispatch/middleware/templates/rescues/_trace.html.erb
  Rendered /Users/farisaziz/.rvm/gems/ruby-2.6.1/gems/actionpack-5.0.7.2/lib/action_dispatch/middleware/templates/rescues/_trace.html.erb (4.4ms)
  Rendering /Users/farisaziz/.rvm/gems/ruby-2.6.1/gems/actionpack-5.0.7.2/lib/action_dispatch/middleware/templates/rescues/_request_and_response.html.erb
  Rendered /Users/farisaziz/.rvm/gems/ruby-2.6.1/gems/actionpack-5.0.7.2/lib/action_dispatch/middleware/templates/rescues/_request_and_response.html.erb (1.1ms)
  Rendered /Users/farisaziz/.rvm/gems/ruby-2.6.1/gems/actionpack-5.0.7.2/lib/action_dispatch/middleware/templates/rescues/diagnostics.html.erb within rescues/layout (42.4ms)
Started POST "/posts" for ::1 at 2019-11-25 15:58:07 +0000
Processing by PostsController#create as HTML
  Parameters: {"utf8"=>"✓", "authenticity_token"=>"wmFsMhqnHDvkCY4Xy4rolrOW4tAvzjUSZyFfQPeE0QidHkQ6E/aTntEka6fyUUqOjwjeyuYovVIQWJVmOhH53w==", "title"=>"title ", "description"=>"content", "commit"=>"Submit Post"}
  [1m[35m (0.3ms)[0m  [1m[36mbegin transaction[0m
  [1m[35mSQL (17.1ms)[0m  [1m[32mINSERT INTO "posts" ("created_at", "updated_at") VALUES (?, ?)[0m  [["created_at", "2019-11-25 15:58:07.437068"], ["updated_at", "2019-11-25 15:58:07.437068"]]
  [1m[35m (1.7ms)[0m  [1m[36mcommit transaction[0m
  [1m[36mPost Load (0.3ms)[0m  [1m[34mSELECT  "posts".* FROM "posts" WHERE "posts"."id" = ? LIMIT ?[0m  [["id", nil], ["LIMIT", 1]]
Completed 404 Not Found in 39ms (ActiveRecord: 20.5ms)


  
ActiveRecord::RecordNotFound (Couldn't find Post with 'id'=):
  
app/controllers/posts_controller.rb:7:in `show'
app/controllers/posts_controller.rb:18:in `create'
  Rendering /Users/farisaziz/.rvm/gems/ruby-2.6.1/gems/actionpack-5.0.7.2/lib/action_dispatch/middleware/templates/rescues/diagnostics.html.erb within rescues/layout
  Rendering /Users/farisaziz/.rvm/gems/ruby-2.6.1/gems/actionpack-5.0.7.2/lib/action_dispatch/middleware/templates/rescues/_source.html.erb
  Rendered /Users/farisaziz/.rvm/gems/ruby-2.6.1/gems/actionpack-5.0.7.2/lib/action_dispatch/middleware/templates/rescues/_source.html.erb (9.3ms)
  Rendering /Users/farisaziz/.rvm/gems/ruby-2.6.1/gems/actionpack-5.0.7.2/lib/action_dispatch/middleware/templates/rescues/_trace.html.erb
  Rendered /Users/farisaziz/.rvm/gems/ruby-2.6.1/gems/actionpack-5.0.7.2/lib/action_dispatch/middleware/templates/rescues/_trace.html.erb (1.2ms)
  Rendering /Users/farisaziz/.rvm/gems/ruby-2.6.1/gems/actionpack-5.0.7.2/lib/action_dispatch/middleware/templates/rescues/_request_and_response.html.erb
  Rendered /Users/farisaziz/.rvm/gems/ruby-2.6.1/gems/actionpack-5.0.7.2/lib/action_dispatch/middleware/templates/rescues/_request_and_response.html.erb (0.8ms)
  Rendered /Users/farisaziz/.rvm/gems/ruby-2.6.1/gems/actionpack-5.0.7.2/lib/action_dispatch/middleware/templates/rescues/diagnostics.html.erb within rescues/layout (50.5ms)
Started POST "/posts" for ::1 at 2019-11-25 15:58:27 +0000
Processing by PostsController#create as HTML
  Parameters: {"utf8"=>"✓", "authenticity_token"=>"wmFsMhqnHDvkCY4Xy4rolrOW4tAvzjUSZyFfQPeE0QidHkQ6E/aTntEka6fyUUqOjwjeyuYovVIQWJVmOhH53w==", "title"=>"title ", "description"=>"content", "commit"=>"Submit Post"}
  [1m[35m (0.1ms)[0m  [1m[36mbegin transaction[0m
  [1m[35mSQL (0.4ms)[0m  [1m[32mINSERT INTO "posts" ("created_at", "updated_at") VALUES (?, ?)[0m  [["created_at", "2019-11-25 15:58:27.260256"], ["updated_at", "2019-11-25 15:58:27.260256"]]
  [1m[35m (2.0ms)[0m  [1m[36mcommit transaction[0m
Completed 500 Internal Server Error in 318508ms (ActiveRecord: 3.9ms)


  
SystemExit (exit):
  
app/controllers/posts_controller.rb:19:in `create'
  Rendering /Users/farisaziz/.rvm/gems/ruby-2.6.1/gems/actionpack-5.0.7.2/lib/action_dispatch/middleware/templates/rescues/diagnostics.html.erb within rescues/layout
  Rendering /Users/farisaziz/.rvm/gems/ruby-2.6.1/gems/actionpack-5.0.7.2/lib/action_dispatch/middleware/templates/rescues/_source.html.erb
  Rendered /Users/farisaziz/.rvm/gems/ruby-2.6.1/gems/actionpack-5.0.7.2/lib/action_dispatch/middleware/templates/rescues/_source.html.erb (44.6ms)
  Rendering /Users/farisaziz/.rvm/gems/ruby-2.6.1/gems/actionpack-5.0.7.2/lib/action_dispatch/middleware/templates/rescues/_trace.html.erb
  Rendered /Users/farisaziz/.rvm/gems/ruby-2.6.1/gems/actionpack-5.0.7.2/lib/action_dispatch/middleware/templates/rescues/_trace.html.erb (19.8ms)
  Rendering /Users/farisaziz/.rvm/gems/ruby-2.6.1/gems/actionpack-5.0.7.2/lib/action_dispatch/middleware/templates/rescues/_request_and_response.html.erb
  Rendered /Users/farisaziz/.rvm/gems/ruby-2.6.1/gems/actionpack-5.0.7.2/lib/action_dispatch/middleware/templates/rescues/_request_and_response.html.erb (3.9ms)
  Rendered /Users/farisaziz/.rvm/gems/ruby-2.6.1/gems/actionpack-5.0.7.2/lib/action_dispatch/middleware/templates/rescues/diagnostics.html.erb within rescues/layout (91.9ms)
Started POST "/posts" for ::1 at 2019-11-25 16:04:04 +0000
Processing by PostsController#create as HTML
  Parameters: {"utf8"=>"✓", "authenticity_token"=>"wmFsMhqnHDvkCY4Xy4rolrOW4tAvzjUSZyFfQPeE0QidHkQ6E/aTntEka6fyUUqOjwjeyuYovVIQWJVmOhH53w==", "title"=>"title ", "description"=>"content", "commit"=>"Submit Post"}
  [1m[35m (0.1ms)[0m  [1m[36mbegin transaction[0m
  [1m[35mSQL (1.0ms)[0m  [1m[32mINSERT INTO "posts" ("created_at", "updated_at") VALUES (?, ?)[0m  [["created_at", "2019-11-25 16:04:04.967662"], ["updated_at", "2019-11-25 16:04:04.967662"]]
  [1m[35m (5.6ms)[0m  [1m[36mcommit transaction[0m
  [1m[36mPost Load (0.3ms)[0m  [1m[34mSELECT  "posts".* FROM "posts" WHERE "posts"."id" = ? LIMIT ?[0m  [["id", 4], ["LIMIT", 1]]
Redirected to http://localhost:3000/posts/4
Completed 302 Found in 61ms (ActiveRecord: 8.9ms)


Started GET "/posts/4" for ::1 at 2019-11-25 16:04:06 +0000
Processing by PostsController#show as HTML
  Parameters: {"id"=>"4"}
Completed 500 Internal Server Error in 14ms (ActiveRecord: 0.0ms)


  
NoMethodError (undefined method `id' for nil:NilClass):
  
app/controllers/posts_controller.rb:7:in `show'
  Rendering /Users/farisaziz/.rvm/gems/ruby-2.6.1/gems/actionpack-5.0.7.2/lib/action_dispatch/middleware/templates/rescues/diagnostics.html.erb within rescues/layout
  Rendering /Users/farisaziz/.rvm/gems/ruby-2.6.1/gems/actionpack-5.0.7.2/lib/action_dispatch/middleware/templates/rescues/_source.html.erb
  Rendered /Users/farisaziz/.rvm/gems/ruby-2.6.1/gems/actionpack-5.0.7.2/lib/action_dispatch/middleware/templates/rescues/_source.html.erb (61.2ms)
  Rendering /Users/farisaziz/.rvm/gems/ruby-2.6.1/gems/actionpack-5.0.7.2/lib/action_dispatch/middleware/templates/rescues/_trace.html.erb
  Rendered /Users/farisaziz/.rvm/gems/ruby-2.6.1/gems/actionpack-5.0.7.2/lib/action_dispatch/middleware/templates/rescues/_trace.html.erb (14.4ms)
  Rendering /Users/farisaziz/.rvm/gems/ruby-2.6.1/gems/actionpack-5.0.7.2/lib/action_dispatch/middleware/templates/rescues/_request_and_response.html.erb
  Rendered /Users/farisaziz/.rvm/gems/ruby-2.6.1/gems/actionpack-5.0.7.2/lib/action_dispatch/middleware/templates/rescues/_request_and_response.html.erb (4.3ms)
  Rendered /Users/farisaziz/.rvm/gems/ruby-2.6.1/gems/actionpack-5.0.7.2/lib/action_dispatch/middleware/templates/rescues/diagnostics.html.erb within rescues/layout (103.3ms)
Started GET "/posts/new" for ::1 at 2019-11-25 16:04:15 +0000
Processing by PostsController#new as HTML
  Rendering posts/new.html.erb within layouts/application
  Rendered posts/new.html.erb within layouts/application (3.0ms)
Completed 200 OK in 155ms (Views: 149.8ms | ActiveRecord: 0.0ms)


Started GET "/posts/" for ::1 at 2019-11-25 16:05:26 +0000
Processing by PostsController#index as HTML
  Rendering posts/index.html.erb within layouts/application
  [1m[36mPost Load (0.9ms)[0m  [1m[34mSELECT "posts".* FROM "posts"[0m
  Rendered posts/index.html.erb within layouts/application (50.5ms)
Completed 200 OK in 165ms (Views: 152.5ms | ActiveRecord: 2.4ms)


Started GET "/posts/" for ::1 at 2019-11-25 16:05:30 +0000
Processing by PostsController#index as HTML
  Rendering posts/index.html.erb within layouts/application
  [1m[36mPost Load (0.5ms)[0m  [1m[34mSELECT "posts".* FROM "posts"[0m
  Rendered posts/index.html.erb within layouts/application (6.5ms)
Completed 200 OK in 195ms (Views: 168.3ms | ActiveRecord: 0.5ms)


Started GET "/posts/new" for ::1 at 2019-11-25 16:05:30 +0000
Processing by PostsController#new as HTML
  Rendering posts/new.html.erb within layouts/application
  Rendered posts/new.html.erb within layouts/application (8.3ms)
Started GET "/posts/new" for ::1 at 2019-11-25 16:05:31 +0000
Completed 200 OK in 166ms (Views: 150.6ms | ActiveRecord: 0.0ms)


Processing by PostsController#new as HTML
  Rendering posts/new.html.erb within layouts/application
  Rendered posts/new.html.erb within layouts/application (11.2ms)
Completed 200 OK in 235ms (Views: 225.6ms | ActiveRecord: 0.0ms)


Started POST "/posts" for ::1 at 2019-11-25 16:05:38 +0000
Processing by PostsController#create as HTML
  Parameters: {"utf8"=>"✓", "authenticity_token"=>"euVj78AwezX9Y13LcCnD1qrAUr3gOkdkf4BkHpZTsvIlmkvnyWH0kMhOuHtJ8mHOll5upynczyQI+a44W8aaJQ==", "title"=>"something", "description"=>"something else\r\n", "commit"=>"Submit Post"}
  [1m[35m (0.3ms)[0m  [1m[36mbegin transaction[0m
  [1m[35mSQL (0.5ms)[0m  [1m[32mINSERT INTO "posts" ("created_at", "updated_at") VALUES (?, ?)[0m  [["created_at", "2019-11-25 16:05:38.226958"], ["updated_at", "2019-11-25 16:05:38.226958"]]
  [1m[35m (5.4ms)[0m  [1m[36mcommit transaction[0m
Redirected to http://localhost:3000/posts/5
Completed 302 Found in 49ms (ActiveRecord: 6.3ms)


Started GET "/posts/5" for ::1 at 2019-11-25 16:05:38 +0000
Processing by PostsController#show as HTML
  Parameters: {"id"=>"5"}
  [1m[36mPost Load (1.3ms)[0m  [1m[34mSELECT  "posts".* FROM "posts" WHERE "posts"."id" = ? LIMIT ?[0m  [["id", 5], ["LIMIT", 1]]
  Rendering posts/show.html.erb within layouts/application
  Rendered posts/show.html.erb within layouts/application (2.5ms)
Completed 200 OK in 165ms (Views: 133.3ms | ActiveRecord: 1.3ms)


Started GET "/posts/5" for ::1 at 2019-11-25 16:06:13 +0000
Processing by PostsController#show as HTML
  Parameters: {"id"=>"5"}
  [1m[36mPost Load (0.5ms)[0m  [1m[34mSELECT  "posts".* FROM "posts" WHERE "posts"."id" = ? LIMIT ?[0m  [["id", 5], ["LIMIT", 1]]
Started GET "/posts/5" for ::1 at 2019-11-25 16:06:13 +0000
  Rendering posts/show.html.erb within layouts/application
  Rendered posts/show.html.erb within layouts/application (1.2ms)
Completed 200 OK in 208ms (Views: 118.9ms | ActiveRecord: 3.6ms)


Processing by PostsController#show as HTML
  Parameters: {"id"=>"5"}
  [1m[36mPost Load (0.5ms)[0m  [1m[34mSELECT  "posts".* FROM "posts" WHERE "posts"."id" = ? LIMIT ?[0m  [["id", 5], ["LIMIT", 1]]
  Rendering posts/show.html.erb within layouts/application
  Rendered posts/show.html.erb within layouts/application (0.5ms)
Completed 200 OK in 116ms (Views: 74.4ms | ActiveRecord: 1.9ms)


Started GET "/posts/" for ::1 at 2019-11-25 16:06:17 +0000
Processing by PostsController#index as HTML
  Rendering posts/index.html.erb within layouts/application
  [1m[36mPost Load (0.6ms)[0m  [1m[34mSELECT "posts".* FROM "posts"[0m
  Rendered posts/index.html.erb within layouts/application (9.8ms)
Completed 200 OK in 155ms (Views: 139.1ms | ActiveRecord: 0.6ms)


Started GET "/posts/new" for ::1 at 2019-11-25 16:06:18 +0000
Processing by PostsController#new as HTML
  Rendering posts/new.html.erb within layouts/application
  Rendered posts/new.html.erb within layouts/application (4.4ms)
Completed 200 OK in 134ms (Views: 119.0ms | ActiveRecord: 0.0ms)


Started GET "/posts/new" for ::1 at 2019-11-25 16:06:19 +0000
Processing by PostsController#new as HTML
  Rendering posts/new.html.erb within layouts/application
  Rendered posts/new.html.erb within layouts/application (4.8ms)
Completed 200 OK in 142ms (Views: 138.0ms | ActiveRecord: 0.0ms)


Started POST "/posts" for ::1 at 2019-11-25 16:06:22 +0000
Processing by PostsController#create as HTML
  Parameters: {"utf8"=>"✓", "authenticity_token"=>"4kX6lT5YIfJOd76+EtKMWqx2NYF7YJjjf24PQ8w+9Ye9OtKdNwmuV3taWw4rCS5CkOgJm7KGEKMIF8VlAavdUA==", "title"=>"oi", "description"=>"join", "commit"=>"Submit Post"}
  [1m[35m (0.4ms)[0m  [1m[36mbegin transaction[0m
  [1m[35mSQL (0.6ms)[0m  [1m[32mINSERT INTO "posts" ("created_at", "updated_at") VALUES (?, ?)[0m  [["created_at", "2019-11-25 16:06:22.358011"], ["updated_at", "2019-11-25 16:06:22.358011"]]
  [1m[35m (1.1ms)[0m  [1m[36mcommit transaction[0m
Redirected to http://localhost:3000/posts.6
Completed 302 Found in 39ms (ActiveRecord: 2.1ms)


Started GET "/posts.6" for ::1 at 2019-11-25 16:06:22 +0000
Processing by PostsController#index as 
  Rendering posts/index.html.erb within layouts/application
  [1m[36mPost Load (0.6ms)[0m  [1m[34mSELECT "posts".* FROM "posts"[0m
  Rendered posts/index.html.erb within layouts/application (5.6ms)
Completed 200 OK in 158ms (Views: 135.2ms | ActiveRecord: 0.6ms)


Started GET "/posts.6" for ::1 at 2019-11-25 16:06:30 +0000
Started GET "/posts" for ::1 at 2019-11-25 16:06:31 +0000
Processing by PostsController#index as 
  Rendering posts/index.html.erb within layouts/application
  [1m[36mPost Load (0.7ms)[0m  [1m[34mSELECT "posts".* FROM "posts"[0m
  Rendered posts/index.html.erb within layouts/application (52.1ms)
Completed 200 OK in 188ms (Views: 162.7ms | ActiveRecord: 4.1ms)


Processing by PostsController#index as HTML
  Rendering posts/index.html.erb within layouts/application
  [1m[36mPost Load (0.5ms)[0m  [1m[34mSELECT "posts".* FROM "posts"[0m
  Rendered posts/index.html.erb within layouts/application (85.7ms)
Completed 200 OK in 201ms (Views: 188.2ms | ActiveRecord: 6.3ms)


Started GET "/posts/" for ::1 at 2019-11-25 16:06:31 +0000
Processing by PostsController#index as HTML
  Rendering posts/index.html.erb within layouts/application
  [1m[36mPost Load (0.3ms)[0m  [1m[34mSELECT "posts".* FROM "posts"[0m
  Rendered posts/index.html.erb within layouts/application (10.6ms)
Completed 200 OK in 165ms (Views: 136.2ms | ActiveRecord: 0.3ms)


Started GET "/posts/" for ::1 at 2019-11-25 16:06:32 +0000
Processing by PostsController#index as HTML
  Rendering posts/index.html.erb within layouts/application
  [1m[36mPost Load (0.7ms)[0m  [1m[34mSELECT "posts".* FROM "posts"[0m
  Rendered posts/index.html.erb within layouts/application (11.3ms)
Completed 200 OK in 180ms (Views: 155.6ms | ActiveRecord: 0.7ms)


Started GET "/posts/2" for ::1 at 2019-11-25 16:06:33 +0000
Processing by PostsController#show as HTML
  Parameters: {"id"=>"2"}
  [1m[36mPost Load (1.4ms)[0m  [1m[34mSELECT  "posts".* FROM "posts" WHERE "posts"."id" = ? LIMIT ?[0m  [["id", 2], ["LIMIT", 1]]
  Rendering posts/show.html.erb within layouts/application
  Rendered posts/show.html.erb within layouts/application (2.7ms)
Completed 200 OK in 120ms (Views: 98.6ms | ActiveRecord: 1.4ms)


  [1m[36mPost Load (1.5ms)[0m  [1m[34mSELECT "posts".* FROM "posts"[0m
  [1m[35m (0.1ms)[0m  [1m[36mbegin transaction[0m
  [1m[35mSQL (0.6ms)[0m  [1m[32mINSERT INTO "posts" ("created_at", "updated_at") VALUES (?, ?)[0m  [["created_at", "2019-11-25 16:07:37.507209"], ["updated_at", "2019-11-25 16:07:37.507209"]]
  [1m[35m (6.5ms)[0m  [1m[36mcommit transaction[0m
Started GET "/posts/2" for ::1 at 2019-11-25 16:08:40 +0000
  [1m[36mActiveRecord::SchemaMigration Load (0.1ms)[0m  [1m[34mSELECT "schema_migrations".* FROM "schema_migrations"[0m
Processing by PostsController#show as HTML
  Parameters: {"id"=>"2"}
  [1m[36mPost Load (0.2ms)[0m  [1m[34mSELECT  "posts".* FROM "posts" WHERE "posts"."id" = ? LIMIT ?[0m  [["id", 2], ["LIMIT", 1]]
  Rendering posts/show.html.erb within layouts/application
  Rendered posts/show.html.erb within layouts/application (8.0ms)
Completed 200 OK in 252ms (Views: 235.0ms | ActiveRecord: 0.5ms)


Started GET "/posts/" for ::1 at 2019-11-25 16:08:44 +0000
Processing by PostsController#index as HTML
  Rendering posts/index.html.erb within layouts/application
  [1m[36mPost Load (0.3ms)[0m  [1m[34mSELECT "posts".* FROM "posts"[0m
  Rendered posts/index.html.erb within layouts/application (1.8ms)
Completed 200 OK in 47ms (Views: 35.0ms | ActiveRecord: 0.3ms)


Started GET "/posts/new" for ::1 at 2019-11-25 16:08:45 +0000
Processing by PostsController#new as HTML
  Rendering posts/new.html.erb within layouts/application
  Rendered posts/new.html.erb within layouts/application (3.1ms)
Completed 200 OK in 30ms (Views: 28.2ms | ActiveRecord: 0.0ms)


Started GET "/posts/new" for ::1 at 2019-11-25 16:08:45 +0000
Processing by PostsController#new as HTML
  Rendering posts/new.html.erb within layouts/application
  Rendered posts/new.html.erb within layouts/application (1.2ms)
Completed 200 OK in 14ms (Views: 12.8ms | ActiveRecord: 0.0ms)


Started POST "/posts" for ::1 at 2019-11-25 16:08:49 +0000
Processing by PostsController#create as HTML
  Parameters: {"utf8"=>"✓", "authenticity_token"=>"+oJifm+uTYwyC/oEPYpdxmBBB3jpKFqwR6Mait594YCl/Up2Zv/CKQcmH7QEUf/eXN87YiDO0vAw2tCsE+jJVw==", "title"=>"d`bn", "description"=>"nod", "commit"=>"Submit Post"}
  [1m[35m (0.1ms)[0m  [1m[36mbegin transaction[0m
  [1m[35mSQL (0.4ms)[0m  [1m[32mINSERT INTO "posts" ("created_at", "updated_at") VALUES (?, ?)[0m  [["created_at", "2019-11-25 16:08:49.388747"], ["updated_at", "2019-11-25 16:08:49.388747"]]
  [1m[35m (0.8ms)[0m  [1m[36mcommit transaction[0m
Redirected to http://localhost:3000/posts/8
Completed 302 Found in 5ms (ActiveRecord: 1.3ms)


Started GET "/posts/8" for ::1 at 2019-11-25 16:08:49 +0000
Processing by PostsController#show as HTML
  Parameters: {"id"=>"8"}
  [1m[36mPost Load (0.1ms)[0m  [1m[34mSELECT  "posts".* FROM "posts" WHERE "posts"."id" = ? LIMIT ?[0m  [["id", 8], ["LIMIT", 1]]
  Rendering posts/show.html.erb within layouts/application
  Rendered posts/show.html.erb within layouts/application (2.4ms)
Completed 200 OK in 27ms (Views: 22.6ms | ActiveRecord: 0.1ms)


Started GET "/posts/" for ::1 at 2019-11-25 16:09:06 +0000
Processing by PostsController#index as HTML
  Rendering posts/index.html.erb within layouts/application
  [1m[36mPost Load (0.3ms)[0m  [1m[34mSELECT "posts".* FROM "posts"[0m
  Rendered posts/index.html.erb within layouts/application (8.8ms)
Completed 200 OK in 49ms (Views: 45.3ms | ActiveRecord: 0.8ms)


Started GET "/posts/new" for ::1 at 2019-11-25 16:09:07 +0000
Processing by PostsController#new as HTML
  Rendering posts/new.html.erb within layouts/application
  Rendered posts/new.html.erb within layouts/application (0.8ms)
Completed 200 OK in 11ms (Views: 9.8ms | ActiveRecord: 0.0ms)


Started GET "/posts/new" for ::1 at 2019-11-25 16:09:07 +0000
Processing by PostsController#new as HTML
  Rendering posts/new.html.erb within layouts/application
  Rendered posts/new.html.erb within layouts/application (1.0ms)
Completed 200 OK in 22ms (Views: 21.1ms | ActiveRecord: 0.0ms)


Started POST "/posts" for ::1 at 2019-11-25 16:09:11 +0000
Processing by PostsController#create as HTML
  Parameters: {"utf8"=>"✓", "authenticity_token"=>"i9MaABmHVnCFD0IPweXXAp89B9J0o6ticBd9r15ICz7UrDIIENbZ1bAip7/4PnUao6M7yL1FIyIHbreJk90j6Q==", "title"=>"net", "description"=>"n`te", "commit"=>"Submit Post"}
  [1m[35m (0.1ms)[0m  [1m[36mbegin transaction[0m
  [1m[35mSQL (0.7ms)[0m  [1m[32mINSERT INTO "posts" ("created_at", "updated_at") VALUES (?, ?)[0m  [["created_at", "2019-11-25 16:09:11.029213"], ["updated_at", "2019-11-25 16:09:11.029213"]]
  [1m[35m (5.7ms)[0m  [1m[36mcommit transaction[0m
Completed 500 Internal Server Error in 68771ms (ActiveRecord: 6.4ms)


  
SystemExit (exit):
  
app/controllers/posts_controller.rb:19:in `create'
  Rendering /Users/farisaziz/.rvm/gems/ruby-2.6.1/gems/actionpack-5.0.7.2/lib/action_dispatch/middleware/templates/rescues/diagnostics.html.erb within rescues/layout
  Rendering /Users/farisaziz/.rvm/gems/ruby-2.6.1/gems/actionpack-5.0.7.2/lib/action_dispatch/middleware/templates/rescues/_source.html.erb
  Rendered /Users/farisaziz/.rvm/gems/ruby-2.6.1/gems/actionpack-5.0.7.2/lib/action_dispatch/middleware/templates/rescues/_source.html.erb (185.0ms)
  Rendering /Users/farisaziz/.rvm/gems/ruby-2.6.1/gems/actionpack-5.0.7.2/lib/action_dispatch/middleware/templates/rescues/_trace.html.erb
  Rendered /Users/farisaziz/.rvm/gems/ruby-2.6.1/gems/actionpack-5.0.7.2/lib/action_dispatch/middleware/templates/rescues/_trace.html.erb (50.1ms)
  Rendering /Users/farisaziz/.rvm/gems/ruby-2.6.1/gems/actionpack-5.0.7.2/lib/action_dispatch/middleware/templates/rescues/_request_and_response.html.erb
  Rendered /Users/farisaziz/.rvm/gems/ruby-2.6.1/gems/actionpack-5.0.7.2/lib/action_dispatch/middleware/templates/rescues/_request_and_response.html.erb (13.2ms)
  Rendered /Users/farisaziz/.rvm/gems/ruby-2.6.1/gems/actionpack-5.0.7.2/lib/action_dispatch/middleware/templates/rescues/diagnostics.html.erb within rescues/layout (362.5ms)
Started POST "/posts" for ::1 at 2019-11-25 16:10:24 +0000
Processing by PostsController#create as HTML
  Parameters: {"utf8"=>"✓", "authenticity_token"=>"i9MaABmHVnCFD0IPweXXAp89B9J0o6ticBd9r15ICz7UrDIIENbZ1bAip7/4PnUao6M7yL1FIyIHbreJk90j6Q==", "title"=>"net", "description"=>"n`te", "commit"=>"Submit Post"}
Completed 500 Internal Server Error in 276ms (ActiveRecord: 5.2ms)


  
ActiveModel::UnknownAttributeError (unknown attribute 'utf8' for Post.):
  
app/controllers/posts_controller.rb:17:in `create'
  Rendering /Users/farisaziz/.rvm/gems/ruby-2.6.1/gems/actionpack-5.0.7.2/lib/action_dispatch/middleware/templates/rescues/diagnostics.html.erb within rescues/layout
  Rendering /Users/farisaziz/.rvm/gems/ruby-2.6.1/gems/actionpack-5.0.7.2/lib/action_dispatch/middleware/templates/rescues/_source.html.erb
  Rendered /Users/farisaziz/.rvm/gems/ruby-2.6.1/gems/actionpack-5.0.7.2/lib/action_dispatch/middleware/templates/rescues/_source.html.erb (366.9ms)
  Rendering /Users/farisaziz/.rvm/gems/ruby-2.6.1/gems/actionpack-5.0.7.2/lib/action_dispatch/middleware/templates/rescues/_trace.html.erb
  Rendered /Users/farisaziz/.rvm/gems/ruby-2.6.1/gems/actionpack-5.0.7.2/lib/action_dispatch/middleware/templates/rescues/_trace.html.erb (21.1ms)
  Rendering /Users/farisaziz/.rvm/gems/ruby-2.6.1/gems/actionpack-5.0.7.2/lib/action_dispatch/middleware/templates/rescues/_request_and_response.html.erb
  Rendered /Users/farisaziz/.rvm/gems/ruby-2.6.1/gems/actionpack-5.0.7.2/lib/action_dispatch/middleware/templates/rescues/_request_and_response.html.erb (163.8ms)
  Rendered /Users/farisaziz/.rvm/gems/ruby-2.6.1/gems/actionpack-5.0.7.2/lib/action_dispatch/middleware/templates/rescues/diagnostics.html.erb within rescues/layout (783.5ms)
Started GET "/posts" for ::1 at 2019-11-25 16:11:14 +0000
Processing by PostsController#index as HTML
  Rendering posts/index.html.erb within layouts/application
  [1m[36mPost Load (0.8ms)[0m  [1m[34mSELECT "posts".* FROM "posts"[0m
  Rendered posts/index.html.erb within layouts/application (39.4ms)
Completed 200 OK in 316ms (Views: 276.8ms | ActiveRecord: 1.9ms)


Started GET "/" for ::1 at 2019-11-25 16:11:15 +0000
Processing by Rails::WelcomeController#index as HTML
  Parameters: {"internal"=>true}
  Rendering /Users/farisaziz/.rvm/gems/ruby-2.6.1/gems/railties-5.0.7.2/lib/rails/templates/rails/welcome/index.html.erb
  Rendered /Users/farisaziz/.rvm/gems/ruby-2.6.1/gems/railties-5.0.7.2/lib/rails/templates/rails/welcome/index.html.erb (3.9ms)
Completed 200 OK in 67ms (Views: 61.9ms | ActiveRecord: 0.0ms)


Started GET "/" for ::1 at 2019-11-25 16:11:15 +0000
Processing by Rails::WelcomeController#index as HTML
  Parameters: {"internal"=>true}
  Rendering /Users/farisaziz/.rvm/gems/ruby-2.6.1/gems/railties-5.0.7.2/lib/rails/templates/rails/welcome/index.html.erb
  Rendered /Users/farisaziz/.rvm/gems/ruby-2.6.1/gems/railties-5.0.7.2/lib/rails/templates/rails/welcome/index.html.erb (5.0ms)
Completed 200 OK in 25ms (Views: 8.2ms | ActiveRecord: 0.0ms)


Started GET "/posts" for ::1 at 2019-11-25 16:11:16 +0000
Processing by PostsController#index as HTML
  Rendering posts/index.html.erb within layouts/application
  [1m[36mPost Load (1.3ms)[0m  [1m[34mSELECT "posts".* FROM "posts"[0m
  Rendered posts/index.html.erb within layouts/application (31.0ms)
Completed 200 OK in 190ms (Views: 156.4ms | ActiveRecord: 1.3ms)


Started GET "/posts/" for ::1 at 2019-11-25 16:11:17 +0000
Processing by PostsController#index as HTML
  Rendering posts/index.html.erb within layouts/application
  [1m[36mPost Load (0.3ms)[0m  [1m[34mSELECT "posts".* FROM "posts"[0m
  Rendered posts/index.html.erb within layouts/application (4.2ms)
Completed 200 OK in 122ms (Views: 103.4ms | ActiveRecord: 0.3ms)


Started GET "/posts/new" for ::1 at 2019-11-25 16:11:18 +0000
Processing by PostsController#new as HTML
  Rendering posts/new.html.erb within layouts/application
  Rendered posts/new.html.erb within layouts/application (6.5ms)
Completed 200 OK in 116ms (Views: 100.1ms | ActiveRecord: 0.0ms)


Started GET "/posts/new" for ::1 at 2019-11-25 16:11:19 +0000
Processing by PostsController#new as HTML
  Rendering posts/new.html.erb within layouts/application
  Rendered posts/new.html.erb within layouts/application (3.3ms)
Completed 200 OK in 124ms (Views: 120.3ms | ActiveRecord: 0.0ms)


Started POST "/posts" for ::1 at 2019-11-25 16:11:25 +0000
Processing by PostsController#create as HTML
  Parameters: {"utf8"=>"✓", "authenticity_token"=>"108I0F5MDm0++AdvtT5t/A3cdNkToCT4mW/Zzfom8AGIMCDYVx2ByAvV4t+M5c/kMUJIw9pGrLjuFhPrN7PY1g==", "title"=>"wtenJ", "description"=>"Nn`gd", "commit"=>"Submit Post"}
  [1m[35m (0.2ms)[0m  [1m[36mbegin transaction[0m
  [1m[35mSQL (0.5ms)[0m  [1m[32mINSERT INTO "posts" ("title", "description", "created_at", "updated_at") VALUES (?, ?, ?, ?)[0m  [["title", "wtenJ"], ["description", "Nn`gd"], ["created_at", "2019-11-25 16:11:25.580383"], ["updated_at", "2019-11-25 16:11:25.580383"]]
  [1m[35m (9.3ms)[0m  [1m[36mcommit transaction[0m
Completed 500 Internal Server Error in 16326ms (ActiveRecord: 10.0ms)


  
SystemExit (exit):
  
app/controllers/posts_controller.rb:19:in `create'
  Rendering /Users/farisaziz/.rvm/gems/ruby-2.6.1/gems/actionpack-5.0.7.2/lib/action_dispatch/middleware/templates/rescues/diagnostics.html.erb within rescues/layout
  Rendering /Users/farisaziz/.rvm/gems/ruby-2.6.1/gems/actionpack-5.0.7.2/lib/action_dispatch/middleware/templates/rescues/_source.html.erb
  Rendered /Users/farisaziz/.rvm/gems/ruby-2.6.1/gems/actionpack-5.0.7.2/lib/action_dispatch/middleware/templates/rescues/_source.html.erb (105.2ms)
  Rendering /Users/farisaziz/.rvm/gems/ruby-2.6.1/gems/actionpack-5.0.7.2/lib/action_dispatch/middleware/templates/rescues/_trace.html.erb
  Rendered /Users/farisaziz/.rvm/gems/ruby-2.6.1/gems/actionpack-5.0.7.2/lib/action_dispatch/middleware/templates/rescues/_trace.html.erb (36.6ms)
  Rendering /Users/farisaziz/.rvm/gems/ruby-2.6.1/gems/actionpack-5.0.7.2/lib/action_dispatch/middleware/templates/rescues/_request_and_response.html.erb
  Rendered /Users/farisaziz/.rvm/gems/ruby-2.6.1/gems/actionpack-5.0.7.2/lib/action_dispatch/middleware/templates/rescues/_request_and_response.html.erb (7.4ms)
  Rendered /Users/farisaziz/.rvm/gems/ruby-2.6.1/gems/actionpack-5.0.7.2/lib/action_dispatch/middleware/templates/rescues/diagnostics.html.erb within rescues/layout (182.7ms)
Started GET "/posts/" for ::1 at 2019-11-25 16:11:47 +0000
Processing by PostsController#index as HTML
  Rendering posts/index.html.erb within layouts/application
  [1m[36mPost Load (0.5ms)[0m  [1m[34mSELECT "posts".* FROM "posts"[0m
  Rendered posts/index.html.erb within layouts/application (46.1ms)
Completed 200 OK in 149ms (Views: 138.3ms | ActiveRecord: 2.1ms)


Started GET "/posts/new" for ::1 at 2019-11-25 16:11:48 +0000
Processing by PostsController#new as HTML
  Rendering posts/new.html.erb within layouts/application
  Rendered posts/new.html.erb within layouts/application (18.3ms)
Started GET "/posts/new" for ::1 at 2019-11-25 16:11:48 +0000
Processing by PostsController#new as HTML
  Rendering posts/new.html.erb within layouts/application
  Rendered posts/new.html.erb within layouts/application (7.8ms)
Completed 200 OK in 330ms (Views: 306.6ms | ActiveRecord: 0.0ms)


Completed 200 OK in 203ms (Views: 197.1ms | ActiveRecord: 0.0ms)


Started POST "/posts" for ::1 at 2019-11-25 16:11:57 +0000
Processing by PostsController#create as HTML
  Parameters: {"utf8"=>"✓", "authenticity_token"=>"vyLTh+AMHktjXjUwvitKmwdFzluPwQu684ssN10yPcLgXfuP6V2R7lZz0ICH8OiDO9vyQUYng/qE8uYRkKcVFQ==", "title"=>"some title", "description"=>"some content ", "commit"=>"Submit Post"}
  [1m[35m (0.4ms)[0m  [1m[36mbegin transaction[0m
  [1m[35mSQL (0.8ms)[0m  [1m[32mINSERT INTO "posts" ("title", "description", "created_at", "updated_at") VALUES (?, ?, ?, ?)[0m  [["title", "some title"], ["description", "some content "], ["created_at", "2019-11-25 16:11:57.390465"], ["updated_at", "2019-11-25 16:11:57.390465"]]
  [1m[35m (7.2ms)[0m  [1m[36mcommit transaction[0m
Redirected to http://localhost:3000/posts/11
Completed 302 Found in 56ms (ActiveRecord: 8.3ms)


Started GET "/posts/11" for ::1 at 2019-11-25 16:11:57 +0000
Processing by PostsController#show as HTML
  Parameters: {"id"=>"11"}
  [1m[36mPost Load (0.5ms)[0m  [1m[34mSELECT  "posts".* FROM "posts" WHERE "posts"."id" = ? LIMIT ?[0m  [["id", 11], ["LIMIT", 1]]
  Rendering posts/show.html.erb within layouts/application
  Rendered posts/show.html.erb within layouts/application (1.3ms)
Completed 200 OK in 104ms (Views: 97.1ms | ActiveRecord: 0.5ms)


